<?xml version="1.0" encoding="utf-8"?>
<shfbBuild product="Sandcastle Help File Builder and Tools" version="2020.3.6.0" projectFile="H:\HumanMetrics\Codebase\HumanFactors\humanfactorscsharp\docs\Documentation1\Documentation1.shfbproj" started="5/24/2020 9:49:02 PM">
<buildStep step="Initializing">
Finding tools...
The Sandcastle tools are located in &#39;C:\Program Files (x86)\EWSoftware\Sandcastle Help File Builder\&#39;
Locating components in the following folder(s):
    H:\HumanMetrics\Codebase\HumanFactors\humanfactorscsharp\docs\Documentation1
    C:\ProgramData\EWSoftware\Sandcastle Help File Builder\Components and Plug-Ins\
    C:\Program Files (x86)\EWSoftware\Sandcastle Help File Builder\
Using framework reflection data for &#39;.NET Framework 4.5.1&#39; located in &#39;C:\Program Files (x86)\EWSoftware\Sandcastle Help File Builder\Data\.NETFramework&#39;
Using presentation style &#39;VS2013&#39; located in &#39;C:\Program Files (x86)\EWSoftware\Sandcastle Help File Builder\PresentationStyles\VS2013&#39;
Loading and initializing plug-ins...
Lightweight Website Style Version 2020.3.6.0
Copyright &#169; 2006-2020, Eric Woodruff, All Rights Reserved
Portions Copyright &#169; 2014, Sam Harwell, All Rights Reserved
-------------------------------
Clearing any prior web/markdown output...
</buildStep>
<buildStep step="ValidatingDocumentationSources">
Validating and copying documentation source information
Source: H:\HumanMetrics\Codebase\HumanFactors\out\build\x64-Debug\humanfactorscsharp\HumanFactorsCSharp.csproj
    Found project &#39;H:\HumanMetrics\Codebase\HumanFactors\out\build\x64-Debug\humanfactorscsharp\HumanFactorsCSharp.csproj&#39;

Parsing project files
    Found assembly &#39;H:\HumanMetrics\Codebase\HumanFactors\out\build\x64-Debug\humanfactorscsharp\Debug\HumanFactorsCSharp.dll&#39;
SHFB: Warning BE0007: A project with a different or higher framework version was found.  Changing project FrameworkVersion property from &#39;.NET Framework 4.5.1&#39; to &#39;.NET Framework 4.5&#39; for the build.

References to include:
    H:\HumanMetrics\Codebase\HumanFactors\out\build\x64-Debug\humanfactorscsharp\Debug\HumanFactorsCSharp.dll
    netstandard
    System.Memory
    System.Numerics.Vectors
    System.Runtime.InteropServices

Copying XML comments files
    H:\HumanMetrics\Codebase\HumanFactors\out\build\x64-Debug\humanfactorscsharp\Debug\HumanFactorsCSharp.xml -&gt; H:\HumanMetrics\Codebase\HumanFactors\humanfactorscsharp\docs\Documentation1\Help\Working\HumanFactorsCSharp.xml
</buildStep>
<buildStep step="GenerateSharedContent">
Generating shared content files (en-US, English (United States))...
<plugIn name="Lightweight Website Style" behavior="After" priority="1000">
</plugIn>    Last step completed in 00:00:00.0030
</buildStep>
<buildStep step="GenerateApiFilter">
Generating API filter for MRefBuilder...
    Last step completed in 00:00:00.0050
</buildStep>
<buildStep step="GenerateReflectionInfo">
Generating reflection information...
[C:\Program Files (x86)\Microsoft Visual Studio\2017\Community\MSBuild\15.0\Bin\MSBuild.exe - GenerateRefInfo.proj]
Build started 5/24/2020 9:49:02 PM.
Project &quot;H:\HumanMetrics\Codebase\HumanFactors\humanfactorscsharp\docs\Documentation1\Help\Working\GenerateRefInfo.proj&quot; on node 1 (default targets).
PrepareForBuild:
  Creating directory &quot;obj\Debug\&quot;.
GenerateRefInfo:
  MRefBuilder (v2020.3.6.0)
  Copyright c 2006-2020, Microsoft Corporation, All Rights Reserved.
  Portions Copyright c 2006-2020, Eric Woodruff, All Rights Reserved.
  No source code context base path specified.  Source context information is unavailable.
  Loaded 1 assemblies for reflection and 4 dependency assemblies.
  Wrote information on 11 namespaces, 32 types, and 92 members
  Copying file from &quot;reflection.org&quot; to &quot;reflection.all&quot;.
  XslTransform (v2020.3.6.0)
  Copyright c 2006-2020, Microsoft Corporation, All Rights Reserved.
  Portions Copyright c 2006-2020, Eric Woodruff, All Rights Reserved.
  Applying XSL transformation &#39;C:\Program Files (x86)\EWSoftware\Sandcastle Help File Builder\ProductionTransforms\MergeDuplicates.xsl&#39;.
Done Building Project &quot;H:\HumanMetrics\Codebase\HumanFactors\humanfactorscsharp\docs\Documentation1\Help\Working\GenerateRefInfo.proj&quot; (default targets).
    Last step completed in 00:00:01.5908
</buildStep>
<buildStep step="TransformReflectionInfo">
Transforming reflection output...
[C:\Program Files (x86)\Microsoft Visual Studio\2017\Community\MSBuild\15.0\Bin\MSBuild.exe - TransformManifest.proj]
Build started 5/24/2020 9:49:04 PM.
Project &quot;H:\HumanMetrics\Codebase\HumanFactors\humanfactorscsharp\docs\Documentation1\Help\Working\TransformManifest.proj&quot; on node 1 (default targets).
TransformManifest:
  XslTransform (v2020.3.6.0)
  Copyright c 2006-2020, Microsoft Corporation, All Rights Reserved.
  Portions Copyright c 2006-2020, Eric Woodruff, All Rights Reserved.
  Applying XSL transformation &#39;C:\Program Files (x86)\EWSoftware\Sandcastle Help File Builder\\ProductionTransforms\ApplyVSDocModel.xsl&#39;.
  Copying file from &quot;reflection.xml&quot; to &quot;reflection.ungrouped&quot;.
  AddNamespaceGroups (v2020.3.6.0)
  Copyright c 2006-2020, Eric Woodruff, All Rights Reserved
  Added 2 namespace group entries
  Copying file from &quot;reflection.xml&quot; to &quot;reflection.nofilenames&quot;.
  XslTransform (v2020.3.6.0)
  Copyright c 2006-2020, Microsoft Corporation, All Rights Reserved.
  Portions Copyright c 2006-2020, Eric Woodruff, All Rights Reserved.
  Applying XSL transformation &#39;C:\Program Files (x86)\EWSoftware\Sandcastle Help File Builder\ProductionTransforms\AddFilenames.xsl&#39;.
  XslTransform (v2020.3.6.0)
  Copyright c 2006-2020, Microsoft Corporation, All Rights Reserved.
  Portions Copyright c 2006-2020, Eric Woodruff, All Rights Reserved.
  Applying XSL transformation &#39;C:\Program Files (x86)\EWSoftware\Sandcastle Help File Builder\ProductionTransforms\ReflectionToManifest.xsl&#39;.
Done Building Project &quot;H:\HumanMetrics\Codebase\HumanFactors\humanfactorscsharp\docs\Documentation1\Help\Working\TransformManifest.proj&quot; (default targets).
    Last step completed in 00:00:00.9589
</buildStep>
<buildStep step="GenerateNamespaceSummaries">
Generating namespace summary information...
    Last step completed in 00:00:00.0090
</buildStep>
<buildStep step="CopyConceptualContent">
Copying conceptual content...
Copying standard token shared content file...
Checking for other token files...
Checking for code snippets files...
Copying images and creating the media map file...
Generating conceptual topic files
    Parsing topic file &#39;H:\HumanMetrics\Codebase\HumanFactors\humanfactorscsharp\docs\Documentation1\Content\Welcome.aml&#39;
    H:\HumanMetrics\Codebase\HumanFactors\humanfactorscsharp\docs\Documentation1\Content\Welcome.aml -&gt; H:\HumanMetrics\Codebase\HumanFactors\humanfactorscsharp\docs\Documentation1\Help\Working\ddueXml\908d7e9c-b17f-427b-b924-bf112240bc4b.xml
    Last step completed in 00:00:00.0050
</buildStep>
<buildStep step="CreateConceptualTopicConfigs">
Creating conceptual topic configuration files...
    Companion files
    _ContentMetadata_.xml
    Merging topic IDs into manifest.xml
    Last step completed in 00:00:00.0180
</buildStep>
<buildStep step="CopyAdditionalContent">
Copying additional content files...
H:\HumanMetrics\Codebase\HumanFactors\humanfactorscsharp\docs\Documentation1\icons\Help.png -&gt; H:\HumanMetrics\Codebase\HumanFactors\humanfactorscsharp\docs\Documentation1\Help\Working\Output\Website\icons\Help.png
    Last step completed in 00:00:00.0010
</buildStep>
<buildStep step="MergeTablesOfContents">
Merging conceptual and additional tables of contents...
    Last step completed in 00:00:00.0000
</buildStep>
<buildStep step="GenerateIntermediateTableOfContents">
Generating intermediate table of contents file...
[C:\Program Files (x86)\Microsoft Visual Studio\2017\Community\MSBuild\15.0\Bin\MSBuild.exe - GenerateIntermediateTOC.proj]
Build started 5/24/2020 9:49:05 PM.
Project &quot;H:\HumanMetrics\Codebase\HumanFactors\humanfactorscsharp\docs\Documentation1\Help\Working\GenerateIntermediateTOC.proj&quot; on node 1 (default targets).
GenerateIntermediateTOC:
  XslTransform (v2020.3.6.0)
  Copyright c 2006-2020, Microsoft Corporation, All Rights Reserved.
  Portions Copyright c 2006-2020, Eric Woodruff, All Rights Reserved.
  Applying XSL transformation &#39;C:\Program Files (x86)\EWSoftware\Sandcastle Help File Builder\\ProductionTransforms\CreateVSToc.xsl&#39;.
Done Building Project &quot;H:\HumanMetrics\Codebase\HumanFactors\humanfactorscsharp\docs\Documentation1\Help\Working\GenerateIntermediateTOC.proj&quot; (default targets).
Generating conceptual content intermediate TOC file...
    Last step completed in 00:00:00.7366
</buildStep>
<buildStep step="CreateBuildAssemblerConfigs">
Creating Sandcastle configuration files...
    sandcastle.config
    Last step completed in 00:00:00.1302
</buildStep>
<buildStep step="MergeCustomConfigs">
Merging custom build component configurations
H:\HumanMetrics\Codebase\HumanFactors\humanfactorscsharp\docs\Documentation1\Help\Working\sandcastle.config
  Updating reference topic configurations.
    Replacing default configuration for &#39;Code Block Component&#39; with the custom configuration
  Updating conceptual topic configurations.
    Replacing default configuration for &#39;Code Block Component&#39; with the custom configuration
    Removing unused ExampleComponent.
    Last step completed in 00:00:00.0237
</buildStep>
<buildStep step="BuildTopics">
Building help topics...
[C:\Program Files (x86)\Microsoft Visual Studio\2017\Community\MSBuild\15.0\Bin\MSBuild.exe - BuildTopics.proj]
Build started 5/24/2020 9:49:06 PM.
Project &quot;H:\HumanMetrics\Codebase\HumanFactors\humanfactorscsharp\docs\Documentation1\Help\Working\BuildTopics.proj&quot; on node 1 (default targets).
BuildTopics:
  BuildAssembler (v2020.3.6.0)
  Copyright c 2006-2020, Microsoft Corporation, All Rights Reserved.
  Portions Copyright c 2006-2020, Eric Woodruff, All Rights Reserved.
  Loading configuration...
  Processing topics...
BuildAssembler : warning : ShowMissingComponent: [F:HumanFactors.Vector3D.x] Missing &lt;summary&gt; documentation [H:\HumanMetrics\Codebase\HumanFactors\humanfactorscsharp\docs\Documentation1\Help\Working\BuildTopics.proj]
BuildAssembler : warning : ShowMissingComponent: [F:HumanFactors.Vector3D.y] Missing &lt;summary&gt; documentation [H:\HumanMetrics\Codebase\HumanFactors\humanfactorscsharp\docs\Documentation1\Help\Working\BuildTopics.proj]
BuildAssembler : warning : ShowMissingComponent: [F:HumanFactors.Vector3D.z] Missing &lt;summary&gt; documentation [H:\HumanMetrics\Codebase\HumanFactors\humanfactorscsharp\docs\Documentation1\Help\Working\BuildTopics.proj]
BuildAssembler : warning : ShowMissingComponent: [M:HumanFactors.Geometry.MeshInfo.#ctor(System.IntPtr,System.Int32)] Missing &lt;param name=&quot;size&quot;/&gt; documentation [H:\HumanMetrics\Codebase\HumanFactors\humanfactorscsharp\docs\Documentation1\Help\Working\BuildTopics.proj]
BuildAssembler : warning : ShowMissingComponent: [M:HumanFactors.NativeUtils.NativeArray`1.ToString] Missing &lt;summary&gt; documentation [H:\HumanMetrics\Codebase\HumanFactors\humanfactorscsharp\docs\Documentation1\Help\Working\BuildTopics.proj]
BuildAssembler : warning : ShowMissingComponent: [M:HumanFactors.NativeUtils.NativeArray`1.ToString] Missing &lt;returns&gt; documentation [H:\HumanMetrics\Codebase\HumanFactors\humanfactorscsharp\docs\Documentation1\Help\Working\BuildTopics.proj]
BuildAssembler : warning : ShowMissingComponent: [M:HumanFactors.NativeUtils.CommonNativeArrays.ManagedFloatArray.#ctor(HumanFactors.NativeUtils.CVectorAndData)] Missing &lt;param name=&quot;ptrs&quot;/&gt; documentation [H:\HumanMetrics\Codebase\HumanFactors\humanfactorscsharp\docs\Documentation1\Help\Working\BuildTopics.proj]
BuildAssembler : warning : ShowMissingComponent: [M:HumanFactors.Pathfinding.Path.#ctor(HumanFactors.NativeUtils.CVectorAndData)] Missing &lt;param name=&quot;ptrs&quot;/&gt; documentation [H:\HumanMetrics\Codebase\HumanFactors\humanfactorscsharp\docs\Documentation1\Help\Working\BuildTopics.proj]
BuildAssembler : warning : ShowMissingComponent: [M:HumanFactors.Pathfinding.ShortestPath.DijkstraShortestPathMulti(HumanFactors.SpatialStructures.Graph,System.Collections.Generic.IEnumerable{HumanFactors.Vector3D},System.Collections.Generic.IEnumerable{HumanFactors.Vector3D})] Missing &lt;returns&gt; documentation [H:\HumanMetrics\Codebase\HumanFactors\humanfactorscsharp\docs\Documentation1\Help\Working\BuildTopics.proj]
BuildAssembler : warning : ShowMissingComponent: [M:HumanFactors.Pathfinding.ShortestPath.DijkstraShortestPathMulti(HumanFactors.SpatialStructures.Graph,System.Int32[],System.Int32[])] Missing &lt;returns&gt; documentation [H:\HumanMetrics\Codebase\HumanFactors\humanfactorscsharp\docs\Documentation1\Help\Working\BuildTopics.proj]
BuildAssembler : warning : ShowMissingComponent: [F:HumanFactors.RayTracing.RayResult.distance] Missing &lt;summary&gt; documentation [H:\HumanMetrics\Codebase\HumanFactors\humanfactorscsharp\docs\Documentation1\Help\Working\BuildTopics.proj]
BuildAssembler : warning : ShowMissingComponent: [F:HumanFactors.RayTracing.RayResult.mesh_id] Missing &lt;summary&gt; documentation [H:\HumanMetrics\Codebase\HumanFactors\humanfactorscsharp\docs\Documentation1\Help\Working\BuildTopics.proj]
BuildAssembler : warning : ShowMissingComponent: [M:HumanFactors.SpatialStructures.Node.ToString] Missing &lt;summary&gt; documentation [H:\HumanMetrics\Codebase\HumanFactors\humanfactorscsharp\docs\Documentation1\Help\Working\BuildTopics.proj]
BuildAssembler : warning : ShowMissingComponent: [M:HumanFactors.SpatialStructures.Node.ToString] Missing &lt;returns&gt; documentation [H:\HumanMetrics\Codebase\HumanFactors\humanfactorscsharp\docs\Documentation1\Help\Working\BuildTopics.proj]
BuildAssembler : warning : ShowMissingComponent: [G:] Missing &lt;summary&gt; documentation [H:\HumanMetrics\Codebase\HumanFactors\humanfactorscsharp\docs\Documentation1\Help\Working\BuildTopics.proj]
  Processed 166 topic(s)
  15 warning(s)
  CopyFromIndexComponent: &quot;metadata&quot; in-memory cache entries used: 1 of 15.
  ResolveArtLinksComponent: Copying media files...
  CopyFromIndexComponent: &quot;reflection&quot; in-memory cache entries used: 3 of 15.
  CopyFromIndexComponent: &quot;comments&quot; in-memory cache entries used: 2 of 30.
Done Building Project &quot;H:\HumanMetrics\Codebase\HumanFactors\humanfactorscsharp\docs\Documentation1\Help\Working\BuildTopics.proj&quot; (default targets).
    Last step completed in 00:00:05.4105
</buildStep>
<buildStep step="CombiningIntermediateTocFiles">
Combining conceptual and API intermediate TOC files...
    Last step completed in 00:00:00.0070
</buildStep>
<buildStep step="ExtractingHtmlInfo">
Extracting HTML info for HTML Help 1 and/or website...
[C:\Program Files (x86)\Microsoft Visual Studio\2017\Community\MSBuild\15.0\Bin\MSBuild.exe - ExtractHtmlInfo.proj]
Sandcastle Help File Builder and Tools, version 2020.3.6.0
Copyright c 2006-2020, Eric Woodruff, All Rights Reserved
E-Mail: Eric@EWoodruff.us

Using LCID &#39;1033&#39;, code page &#39;65001&#39;, encoding charset &#39;UTF-8&#39;.

Processing website files in H:\HumanMetrics\Codebase\HumanFactors\humanfactorscsharp\docs\Documentation1\Help\Working\Output\Website
Processed 166 HTML files
Sorting keywords and generating See Also indices
Saving website keyword index to H:\HumanMetrics\Codebase\HumanFactors\humanfactorscsharp\docs\Documentation1\Help\Working\WebKI.xml
Saving website table of contents to H:\HumanMetrics\Codebase\HumanFactors\humanfactorscsharp\docs\Documentation1\Help\Working\WebTOC.xml
    Last step completed in 00:00:00.5125
</buildStep>
<buildStep step="CopyStandardHelpContent">
Copying standard help content...
C:\Program Files (x86)\EWSoftware\Sandcastle Help File Builder\PresentationStyles\VS2013\icons\AlertCaution.png -&gt; H:\HumanMetrics\Codebase\HumanFactors\humanfactorscsharp\docs\Documentation1\Help\Working\Output\Website\icons\AlertCaution.png
C:\Program Files (x86)\EWSoftware\Sandcastle Help File Builder\PresentationStyles\VS2013\icons\AlertNote.png -&gt; H:\HumanMetrics\Codebase\HumanFactors\humanfactorscsharp\docs\Documentation1\Help\Working\Output\Website\icons\AlertNote.png
C:\Program Files (x86)\EWSoftware\Sandcastle Help File Builder\PresentationStyles\VS2013\icons\AlertSecurity.png -&gt; H:\HumanMetrics\Codebase\HumanFactors\humanfactorscsharp\docs\Documentation1\Help\Working\Output\Website\icons\AlertSecurity.png
C:\Program Files (x86)\EWSoftware\Sandcastle Help File Builder\PresentationStyles\VS2013\icons\CFW.gif -&gt; H:\HumanMetrics\Codebase\HumanFactors\humanfactorscsharp\docs\Documentation1\Help\Working\Output\Website\icons\CFW.gif
C:\Program Files (x86)\EWSoftware\Sandcastle Help File Builder\PresentationStyles\VS2013\icons\CodeExample.png -&gt; H:\HumanMetrics\Codebase\HumanFactors\humanfactorscsharp\docs\Documentation1\Help\Working\Output\Website\icons\CodeExample.png
C:\Program Files (x86)\EWSoftware\Sandcastle Help File Builder\PresentationStyles\VS2013\icons\favicon.ico -&gt; H:\HumanMetrics\Codebase\HumanFactors\humanfactorscsharp\docs\Documentation1\Help\Working\Output\Website\icons\favicon.ico
C:\Program Files (x86)\EWSoftware\Sandcastle Help File Builder\PresentationStyles\VS2013\icons\privclass.gif -&gt; H:\HumanMetrics\Codebase\HumanFactors\humanfactorscsharp\docs\Documentation1\Help\Working\Output\Website\icons\privclass.gif
C:\Program Files (x86)\EWSoftware\Sandcastle Help File Builder\PresentationStyles\VS2013\icons\privdelegate.gif -&gt; H:\HumanMetrics\Codebase\HumanFactors\humanfactorscsharp\docs\Documentation1\Help\Working\Output\Website\icons\privdelegate.gif
C:\Program Files (x86)\EWSoftware\Sandcastle Help File Builder\PresentationStyles\VS2013\icons\privenumeration.gif -&gt; H:\HumanMetrics\Codebase\HumanFactors\humanfactorscsharp\docs\Documentation1\Help\Working\Output\Website\icons\privenumeration.gif
C:\Program Files (x86)\EWSoftware\Sandcastle Help File Builder\PresentationStyles\VS2013\icons\privevent.gif -&gt; H:\HumanMetrics\Codebase\HumanFactors\humanfactorscsharp\docs\Documentation1\Help\Working\Output\Website\icons\privevent.gif
C:\Program Files (x86)\EWSoftware\Sandcastle Help File Builder\PresentationStyles\VS2013\icons\privextension.gif -&gt; H:\HumanMetrics\Codebase\HumanFactors\humanfactorscsharp\docs\Documentation1\Help\Working\Output\Website\icons\privextension.gif
C:\Program Files (x86)\EWSoftware\Sandcastle Help File Builder\PresentationStyles\VS2013\icons\privfield.gif -&gt; H:\HumanMetrics\Codebase\HumanFactors\humanfactorscsharp\docs\Documentation1\Help\Working\Output\Website\icons\privfield.gif
C:\Program Files (x86)\EWSoftware\Sandcastle Help File Builder\PresentationStyles\VS2013\icons\privinterface.gif -&gt; H:\HumanMetrics\Codebase\HumanFactors\humanfactorscsharp\docs\Documentation1\Help\Working\Output\Website\icons\privinterface.gif
C:\Program Files (x86)\EWSoftware\Sandcastle Help File Builder\PresentationStyles\VS2013\icons\privmethod.gif -&gt; H:\HumanMetrics\Codebase\HumanFactors\humanfactorscsharp\docs\Documentation1\Help\Working\Output\Website\icons\privmethod.gif
C:\Program Files (x86)\EWSoftware\Sandcastle Help File Builder\PresentationStyles\VS2013\icons\privproperty.gif -&gt; H:\HumanMetrics\Codebase\HumanFactors\humanfactorscsharp\docs\Documentation1\Help\Working\Output\Website\icons\privproperty.gif
C:\Program Files (x86)\EWSoftware\Sandcastle Help File Builder\PresentationStyles\VS2013\icons\privstructure.gif -&gt; H:\HumanMetrics\Codebase\HumanFactors\humanfactorscsharp\docs\Documentation1\Help\Working\Output\Website\icons\privstructure.gif
C:\Program Files (x86)\EWSoftware\Sandcastle Help File Builder\PresentationStyles\VS2013\icons\protclass.gif -&gt; H:\HumanMetrics\Codebase\HumanFactors\humanfactorscsharp\docs\Documentation1\Help\Working\Output\Website\icons\protclass.gif
C:\Program Files (x86)\EWSoftware\Sandcastle Help File Builder\PresentationStyles\VS2013\icons\protdelegate.gif -&gt; H:\HumanMetrics\Codebase\HumanFactors\humanfactorscsharp\docs\Documentation1\Help\Working\Output\Website\icons\protdelegate.gif
C:\Program Files (x86)\EWSoftware\Sandcastle Help File Builder\PresentationStyles\VS2013\icons\protenumeration.gif -&gt; H:\HumanMetrics\Codebase\HumanFactors\humanfactorscsharp\docs\Documentation1\Help\Working\Output\Website\icons\protenumeration.gif
C:\Program Files (x86)\EWSoftware\Sandcastle Help File Builder\PresentationStyles\VS2013\icons\protevent.gif -&gt; H:\HumanMetrics\Codebase\HumanFactors\humanfactorscsharp\docs\Documentation1\Help\Working\Output\Website\icons\protevent.gif
C:\Program Files (x86)\EWSoftware\Sandcastle Help File Builder\PresentationStyles\VS2013\icons\protextension.gif -&gt; H:\HumanMetrics\Codebase\HumanFactors\humanfactorscsharp\docs\Documentation1\Help\Working\Output\Website\icons\protextension.gif
C:\Program Files (x86)\EWSoftware\Sandcastle Help File Builder\PresentationStyles\VS2013\icons\protfield.gif -&gt; H:\HumanMetrics\Codebase\HumanFactors\humanfactorscsharp\docs\Documentation1\Help\Working\Output\Website\icons\protfield.gif
C:\Program Files (x86)\EWSoftware\Sandcastle Help File Builder\PresentationStyles\VS2013\icons\protinterface.gif -&gt; H:\HumanMetrics\Codebase\HumanFactors\humanfactorscsharp\docs\Documentation1\Help\Working\Output\Website\icons\protinterface.gif
C:\Program Files (x86)\EWSoftware\Sandcastle Help File Builder\PresentationStyles\VS2013\icons\protmethod.gif -&gt; H:\HumanMetrics\Codebase\HumanFactors\humanfactorscsharp\docs\Documentation1\Help\Working\Output\Website\icons\protmethod.gif
C:\Program Files (x86)\EWSoftware\Sandcastle Help File Builder\PresentationStyles\VS2013\icons\protoperator.gif -&gt; H:\HumanMetrics\Codebase\HumanFactors\humanfactorscsharp\docs\Documentation1\Help\Working\Output\Website\icons\protoperator.gif
C:\Program Files (x86)\EWSoftware\Sandcastle Help File Builder\PresentationStyles\VS2013\icons\protproperty.gif -&gt; H:\HumanMetrics\Codebase\HumanFactors\humanfactorscsharp\docs\Documentation1\Help\Working\Output\Website\icons\protproperty.gif
C:\Program Files (x86)\EWSoftware\Sandcastle Help File Builder\PresentationStyles\VS2013\icons\protstructure.gif -&gt; H:\HumanMetrics\Codebase\HumanFactors\humanfactorscsharp\docs\Documentation1\Help\Working\Output\Website\icons\protstructure.gif
C:\Program Files (x86)\EWSoftware\Sandcastle Help File Builder\PresentationStyles\VS2013\icons\pubclass.gif -&gt; H:\HumanMetrics\Codebase\HumanFactors\humanfactorscsharp\docs\Documentation1\Help\Working\Output\Website\icons\pubclass.gif
C:\Program Files (x86)\EWSoftware\Sandcastle Help File Builder\PresentationStyles\VS2013\icons\pubdelegate.gif -&gt; H:\HumanMetrics\Codebase\HumanFactors\humanfactorscsharp\docs\Documentation1\Help\Working\Output\Website\icons\pubdelegate.gif
C:\Program Files (x86)\EWSoftware\Sandcastle Help File Builder\PresentationStyles\VS2013\icons\pubenumeration.gif -&gt; H:\HumanMetrics\Codebase\HumanFactors\humanfactorscsharp\docs\Documentation1\Help\Working\Output\Website\icons\pubenumeration.gif
C:\Program Files (x86)\EWSoftware\Sandcastle Help File Builder\PresentationStyles\VS2013\icons\pubevent.gif -&gt; H:\HumanMetrics\Codebase\HumanFactors\humanfactorscsharp\docs\Documentation1\Help\Working\Output\Website\icons\pubevent.gif
C:\Program Files (x86)\EWSoftware\Sandcastle Help File Builder\PresentationStyles\VS2013\icons\pubextension.gif -&gt; H:\HumanMetrics\Codebase\HumanFactors\humanfactorscsharp\docs\Documentation1\Help\Working\Output\Website\icons\pubextension.gif
C:\Program Files (x86)\EWSoftware\Sandcastle Help File Builder\PresentationStyles\VS2013\icons\pubfield.gif -&gt; H:\HumanMetrics\Codebase\HumanFactors\humanfactorscsharp\docs\Documentation1\Help\Working\Output\Website\icons\pubfield.gif
C:\Program Files (x86)\EWSoftware\Sandcastle Help File Builder\PresentationStyles\VS2013\icons\pubinterface.gif -&gt; H:\HumanMetrics\Codebase\HumanFactors\humanfactorscsharp\docs\Documentation1\Help\Working\Output\Website\icons\pubinterface.gif
C:\Program Files (x86)\EWSoftware\Sandcastle Help File Builder\PresentationStyles\VS2013\icons\pubmethod.gif -&gt; H:\HumanMetrics\Codebase\HumanFactors\humanfactorscsharp\docs\Documentation1\Help\Working\Output\Website\icons\pubmethod.gif
C:\Program Files (x86)\EWSoftware\Sandcastle Help File Builder\PresentationStyles\VS2013\icons\puboperator.gif -&gt; H:\HumanMetrics\Codebase\HumanFactors\humanfactorscsharp\docs\Documentation1\Help\Working\Output\Website\icons\puboperator.gif
C:\Program Files (x86)\EWSoftware\Sandcastle Help File Builder\PresentationStyles\VS2013\icons\pubproperty.gif -&gt; H:\HumanMetrics\Codebase\HumanFactors\humanfactorscsharp\docs\Documentation1\Help\Working\Output\Website\icons\pubproperty.gif
C:\Program Files (x86)\EWSoftware\Sandcastle Help File Builder\PresentationStyles\VS2013\icons\pubstructure.gif -&gt; H:\HumanMetrics\Codebase\HumanFactors\humanfactorscsharp\docs\Documentation1\Help\Working\Output\Website\icons\pubstructure.gif
C:\Program Files (x86)\EWSoftware\Sandcastle Help File Builder\PresentationStyles\VS2013\icons\SectionCollapsed.png -&gt; H:\HumanMetrics\Codebase\HumanFactors\humanfactorscsharp\docs\Documentation1\Help\Working\Output\Website\icons\SectionCollapsed.png
C:\Program Files (x86)\EWSoftware\Sandcastle Help File Builder\PresentationStyles\VS2013\icons\SectionExpanded.png -&gt; H:\HumanMetrics\Codebase\HumanFactors\humanfactorscsharp\docs\Documentation1\Help\Working\Output\Website\icons\SectionExpanded.png
C:\Program Files (x86)\EWSoftware\Sandcastle Help File Builder\PresentationStyles\VS2013\icons\slMobile.gif -&gt; H:\HumanMetrics\Codebase\HumanFactors\humanfactorscsharp\docs\Documentation1\Help\Working\Output\Website\icons\slMobile.gif
C:\Program Files (x86)\EWSoftware\Sandcastle Help File Builder\PresentationStyles\VS2013\icons\static.gif -&gt; H:\HumanMetrics\Codebase\HumanFactors\humanfactorscsharp\docs\Documentation1\Help\Working\Output\Website\icons\static.gif
C:\Program Files (x86)\EWSoftware\Sandcastle Help File Builder\PresentationStyles\VS2013\icons\xna.gif -&gt; H:\HumanMetrics\Codebase\HumanFactors\humanfactorscsharp\docs\Documentation1\Help\Working\Output\Website\icons\xna.gif
C:\Program Files (x86)\EWSoftware\Sandcastle Help File Builder\PresentationStyles\VS2013\scripts\branding.js -&gt; H:\HumanMetrics\Codebase\HumanFactors\humanfactorscsharp\docs\Documentation1\Help\Working\Output\Website\scripts\branding.js
C:\Program Files (x86)\EWSoftware\Sandcastle Help File Builder\PresentationStyles\VS2013\styles\branding-cs-CZ.css -&gt; H:\HumanMetrics\Codebase\HumanFactors\humanfactorscsharp\docs\Documentation1\Help\Working\Output\Website\styles\branding-cs-CZ.css
C:\Program Files (x86)\EWSoftware\Sandcastle Help File Builder\PresentationStyles\VS2013\styles\branding-de-DE.css -&gt; H:\HumanMetrics\Codebase\HumanFactors\humanfactorscsharp\docs\Documentation1\Help\Working\Output\Website\styles\branding-de-DE.css
C:\Program Files (x86)\EWSoftware\Sandcastle Help File Builder\PresentationStyles\VS2013\styles\branding-en-US.css -&gt; H:\HumanMetrics\Codebase\HumanFactors\humanfactorscsharp\docs\Documentation1\Help\Working\Output\Website\styles\branding-en-US.css
C:\Program Files (x86)\EWSoftware\Sandcastle Help File Builder\PresentationStyles\VS2013\styles\branding-es-ES.css -&gt; H:\HumanMetrics\Codebase\HumanFactors\humanfactorscsharp\docs\Documentation1\Help\Working\Output\Website\styles\branding-es-ES.css
C:\Program Files (x86)\EWSoftware\Sandcastle Help File Builder\PresentationStyles\VS2013\styles\branding-fr-FR.css -&gt; H:\HumanMetrics\Codebase\HumanFactors\humanfactorscsharp\docs\Documentation1\Help\Working\Output\Website\styles\branding-fr-FR.css
C:\Program Files (x86)\EWSoftware\Sandcastle Help File Builder\PresentationStyles\VS2013\styles\branding-Help1.css -&gt; H:\HumanMetrics\Codebase\HumanFactors\humanfactorscsharp\docs\Documentation1\Help\Working\Output\Website\styles\branding-Help1.css
C:\Program Files (x86)\EWSoftware\Sandcastle Help File Builder\PresentationStyles\VS2013\styles\branding-HelpViewer.css -&gt; H:\HumanMetrics\Codebase\HumanFactors\humanfactorscsharp\docs\Documentation1\Help\Working\Output\Website\styles\branding-HelpViewer.css
C:\Program Files (x86)\EWSoftware\Sandcastle Help File Builder\PresentationStyles\VS2013\styles\branding-it-IT.css -&gt; H:\HumanMetrics\Codebase\HumanFactors\humanfactorscsharp\docs\Documentation1\Help\Working\Output\Website\styles\branding-it-IT.css
C:\Program Files (x86)\EWSoftware\Sandcastle Help File Builder\PresentationStyles\VS2013\styles\branding-ja-JP.css -&gt; H:\HumanMetrics\Codebase\HumanFactors\humanfactorscsharp\docs\Documentation1\Help\Working\Output\Website\styles\branding-ja-JP.css
C:\Program Files (x86)\EWSoftware\Sandcastle Help File Builder\PresentationStyles\VS2013\styles\branding-ko-KR.css -&gt; H:\HumanMetrics\Codebase\HumanFactors\humanfactorscsharp\docs\Documentation1\Help\Working\Output\Website\styles\branding-ko-KR.css
C:\Program Files (x86)\EWSoftware\Sandcastle Help File Builder\PresentationStyles\VS2013\styles\branding-pl-PL.css -&gt; H:\HumanMetrics\Codebase\HumanFactors\humanfactorscsharp\docs\Documentation1\Help\Working\Output\Website\styles\branding-pl-PL.css
C:\Program Files (x86)\EWSoftware\Sandcastle Help File Builder\PresentationStyles\VS2013\styles\branding-pt-BR.css -&gt; H:\HumanMetrics\Codebase\HumanFactors\humanfactorscsharp\docs\Documentation1\Help\Working\Output\Website\styles\branding-pt-BR.css
C:\Program Files (x86)\EWSoftware\Sandcastle Help File Builder\PresentationStyles\VS2013\styles\branding-ru-RU.css -&gt; H:\HumanMetrics\Codebase\HumanFactors\humanfactorscsharp\docs\Documentation1\Help\Working\Output\Website\styles\branding-ru-RU.css
C:\Program Files (x86)\EWSoftware\Sandcastle Help File Builder\PresentationStyles\VS2013\styles\branding-tr-TR.css -&gt; H:\HumanMetrics\Codebase\HumanFactors\humanfactorscsharp\docs\Documentation1\Help\Working\Output\Website\styles\branding-tr-TR.css
C:\Program Files (x86)\EWSoftware\Sandcastle Help File Builder\PresentationStyles\VS2013\styles\branding-Website.css -&gt; H:\HumanMetrics\Codebase\HumanFactors\humanfactorscsharp\docs\Documentation1\Help\Working\Output\Website\styles\branding-Website.css
C:\Program Files (x86)\EWSoftware\Sandcastle Help File Builder\PresentationStyles\VS2013\styles\branding-zh-CN.css -&gt; H:\HumanMetrics\Codebase\HumanFactors\humanfactorscsharp\docs\Documentation1\Help\Working\Output\Website\styles\branding-zh-CN.css
C:\Program Files (x86)\EWSoftware\Sandcastle Help File Builder\PresentationStyles\VS2013\styles\branding-zh-TW.css -&gt; H:\HumanMetrics\Codebase\HumanFactors\humanfactorscsharp\docs\Documentation1\Help\Working\Output\Website\styles\branding-zh-TW.css
C:\Program Files (x86)\EWSoftware\Sandcastle Help File Builder\PresentationStyles\VS2013\styles\branding.css -&gt; H:\HumanMetrics\Codebase\HumanFactors\humanfactorscsharp\docs\Documentation1\Help\Working\Output\Website\styles\branding.css
C:\Program Files (x86)\EWSoftware\Sandcastle Help File Builder\PresentationStyles\VS2013\Web\index.html -&gt; H:\HumanMetrics\Codebase\HumanFactors\humanfactorscsharp\docs\Documentation1\Help\Working\Output\Website\index.html
C:\Program Files (x86)\EWSoftware\Sandcastle Help File Builder\PresentationStyles\VS2013\Web\search.html -&gt; H:\HumanMetrics\Codebase\HumanFactors\humanfactorscsharp\docs\Documentation1\Help\Working\Output\Website\search.html
C:\Program Files (x86)\EWSoftware\Sandcastle Help File Builder\PresentationStyles\VS2013\Web\SearchHelp.aspx -&gt; H:\HumanMetrics\Codebase\HumanFactors\humanfactorscsharp\docs\Documentation1\Help\Working\Output\Website\SearchHelp.aspx
C:\Program Files (x86)\EWSoftware\Sandcastle Help File Builder\PresentationStyles\VS2013\Web\SearchHelp.inc.php -&gt; H:\HumanMetrics\Codebase\HumanFactors\humanfactorscsharp\docs\Documentation1\Help\Working\Output\Website\SearchHelp.inc.php
C:\Program Files (x86)\EWSoftware\Sandcastle Help File Builder\PresentationStyles\VS2013\Web\SearchHelp.php -&gt; H:\HumanMetrics\Codebase\HumanFactors\humanfactorscsharp\docs\Documentation1\Help\Working\Output\Website\SearchHelp.php
C:\Program Files (x86)\EWSoftware\Sandcastle Help File Builder\PresentationStyles\VS2013\Web\Web.Config -&gt; H:\HumanMetrics\Codebase\HumanFactors\humanfactorscsharp\docs\Documentation1\Help\Working\Output\Website\Web.Config
C:\Program Files (x86)\EWSoftware\Sandcastle Help File Builder\PresentationStyles\VS2013\Web\html\GeneralError.htm -&gt; H:\HumanMetrics\Codebase\HumanFactors\humanfactorscsharp\docs\Documentation1\Help\Working\Output\Website\html\GeneralError.htm
C:\Program Files (x86)\EWSoftware\Sandcastle Help File Builder\PresentationStyles\VS2013\Web\html\PageNotFound.htm -&gt; H:\HumanMetrics\Codebase\HumanFactors\humanfactorscsharp\docs\Documentation1\Help\Working\Output\Website\html\PageNotFound.htm
C:\Program Files (x86)\EWSoftware\Sandcastle Help File Builder\PresentationStyles\VS2013\Web\icons\Search.png -&gt; H:\HumanMetrics\Codebase\HumanFactors\humanfactorscsharp\docs\Documentation1\Help\Working\Output\Website\icons\Search.png
C:\Program Files (x86)\EWSoftware\Sandcastle Help File Builder\PresentationStyles\VS2013\Web\icons\TocClose.gif -&gt; H:\HumanMetrics\Codebase\HumanFactors\humanfactorscsharp\docs\Documentation1\Help\Working\Output\Website\icons\TocClose.gif
C:\Program Files (x86)\EWSoftware\Sandcastle Help File Builder\PresentationStyles\VS2013\Web\icons\TocCollapsed.gif -&gt; H:\HumanMetrics\Codebase\HumanFactors\humanfactorscsharp\docs\Documentation1\Help\Working\Output\Website\icons\TocCollapsed.gif
C:\Program Files (x86)\EWSoftware\Sandcastle Help File Builder\PresentationStyles\VS2013\Web\icons\TocExpanded.gif -&gt; H:\HumanMetrics\Codebase\HumanFactors\humanfactorscsharp\docs\Documentation1\Help\Working\Output\Website\icons\TocExpanded.gif
C:\Program Files (x86)\EWSoftware\Sandcastle Help File Builder\PresentationStyles\VS2013\Web\icons\TocOpen.gif -&gt; H:\HumanMetrics\Codebase\HumanFactors\humanfactorscsharp\docs\Documentation1\Help\Working\Output\Website\icons\TocOpen.gif
C:\Program Files (x86)\EWSoftware\Sandcastle Help File Builder\PresentationStyles\VS2013\Web\scripts\branding-Website.js -&gt; H:\HumanMetrics\Codebase\HumanFactors\humanfactorscsharp\docs\Documentation1\Help\Working\Output\Website\scripts\branding-Website.js
C:\Program Files (x86)\EWSoftware\Sandcastle Help File Builder\PresentationStyles\VS2013\Web\scripts\clipboard.min.js -&gt; H:\HumanMetrics\Codebase\HumanFactors\humanfactorscsharp\docs\Documentation1\Help\Working\Output\Website\scripts\clipboard.min.js
C:\Program Files (x86)\EWSoftware\Sandcastle Help File Builder\PresentationStyles\VS2013\Web\scripts\jquery-3.3.1.min.js -&gt; H:\HumanMetrics\Codebase\HumanFactors\humanfactorscsharp\docs\Documentation1\Help\Working\Output\Website\scripts\jquery-3.3.1.min.js
    Last step completed in 00:00:00.0748
</buildStep>
<buildStep step="GenerateHelpFormatTableOfContents">
Generating website table of contents file...
    Last step completed in 00:00:00.0000
</buildStep>
<buildStep step="GenerateFullTextIndex">
Generating full-text index for the website...

<plugIn name="Lightweight Website Style" behavior="After" priority="1000">
Adding lightweight search and TOC elements to each topic...
</plugIn>    Last step completed in 00:00:00.5160
</buildStep>
<buildStep step="CopyingWebsiteFiles">
Copying website files to output folder...

Copied 346 files for the website content
    Last step completed in 00:00:00.3850
</buildStep>
<buildStep step="CleanIntermediates">
Removing intermediate files...
    Last step completed in 00:00:00.0315
</buildStep>
<buildStep step="Completed">

Build completed successfully at 5/24/2020 9:49:13 PM.  Total time: 00:00:11.0154

</buildStep>
</shfbBuild>
